Planned next steps:
------------------------------------------------------------


 1 Focus Calculator window
 2 Take screenshot to verify it's ready
 3 Type: 7+13+25=
 4 Capture and verify the result equals 45
focus_window error: (0, 'SetForegroundWindow', 'No error message is available')
 UN-MINIMIZE WINDOW  ↗️ Calculator
⚠ Could not set foreground: (0, 'SetForegroundWindow', 'No error message is available')
⚠ Window restored but not in foreground (blocked by focus stealing prevention)
💡 NEXT STEP: Use windows_click_taskbar_app('Calculator') to bring window to foreground
 TASKBAR APPS  📦
Found 8 taskbar apps (1 minimized)
 OCR EXTRACT TEXT  📖 region=full screen language=eng
WinRT OCR failed: WinRT OCR failed: No module named 'winrt.windows.foundation.collections'
All 1 OCR provider(s) failed
OCR extraction failed: All OCR providers failed: WinRT OCR: WinRT OCR failed: No module named
'winrt.windows.foundation.collections'
 UI LIST WINDOWS  🪟 (win32)
──────────────────────────────────